  SizeOperator.c
\\mac\Home\Documents\workspace\C-code\20250328\SizeOperator.c(7,9): warning C4477: 'printf' : 서식 문자열 '%d'에 'int' 형식의 인수가 필요하지만 variadic 인수 1의 형식이 'size_t'입니다.
      \\mac\Home\Documents\workspace\C-code\20250328\SizeOperator.c(7,9):
      서식 문자열에서 '%zd'을(를) 사용하는 것이 좋습니다.
  
\\mac\Home\Documents\workspace\C-code\20250328\SizeOperator.c(8,9): warning C4477: 'printf' : 서식 문자열 '%d'에 'int' 형식의 인수가 필요하지만 variadic 인수 1의 형식이 'size_t'입니다.
      \\mac\Home\Documents\workspace\C-code\20250328\SizeOperator.c(8,9):
      서식 문자열에서 '%zd'을(를) 사용하는 것이 좋습니다.
  
\\mac\Home\Documents\workspace\C-code\20250328\SizeOperator.c(9,9): warning C4477: 'printf' : 서식 문자열 '%d'에 'int' 형식의 인수가 필요하지만 variadic 인수 1의 형식이 'size_t'입니다.
      \\mac\Home\Documents\workspace\C-code\20250328\SizeOperator.c(9,9):
      서식 문자열에서 '%zd'을(를) 사용하는 것이 좋습니다.
  
\\mac\Home\Documents\workspace\C-code\20250328\SizeOperator.c(11,9): warning C4477: 'printf' : 서식 문자열 '%d'에 'int' 형식의 인수가 필요하지만 variadic 인수 1의 형식이 'size_t'입니다.
      \\mac\Home\Documents\workspace\C-code\20250328\SizeOperator.c(11,9):
      서식 문자열에서 '%zd'을(를) 사용하는 것이 좋습니다.
  
\\mac\Home\Documents\workspace\C-code\20250328\SizeOperator.c(12,9): warning C4477: 'printf' : 서식 문자열 '%d'에 'int' 형식의 인수가 필요하지만 variadic 인수 1의 형식이 'size_t'입니다.
      \\mac\Home\Documents\workspace\C-code\20250328\SizeOperator.c(12,9):
      서식 문자열에서 '%zd'을(를) 사용하는 것이 좋습니다.
  
\\mac\Home\Documents\workspace\C-code\20250328\SizeOperator.c(13,9): warning C4477: 'printf' : 서식 문자열 '%d'에 'int' 형식의 인수가 필요하지만 variadic 인수 1의 형식이 'size_t'입니다.
      \\mac\Home\Documents\workspace\C-code\20250328\SizeOperator.c(13,9):
      서식 문자열에서 '%zd'을(를) 사용하는 것이 좋습니다.
  
\\mac\Home\Documents\workspace\C-code\20250328\SizeOperator.c(14,9): warning C4477: 'printf' : 서식 문자열 '%d'에 'int' 형식의 인수가 필요하지만 variadic 인수 1의 형식이 'size_t'입니다.
      \\mac\Home\Documents\workspace\C-code\20250328\SizeOperator.c(14,9):
      서식 문자열에서 '%zd'을(를) 사용하는 것이 좋습니다.
  
\\mac\Home\Documents\workspace\C-code\20250328\SizeOperator.c(15,9): warning C4477: 'printf' : 서식 문자열 '%d'에 'int' 형식의 인수가 필요하지만 variadic 인수 1의 형식이 'size_t'입니다.
      \\mac\Home\Documents\workspace\C-code\20250328\SizeOperator.c(15,9):
      서식 문자열에서 '%zd'을(를) 사용하는 것이 좋습니다.
  
\\mac\Home\Documents\workspace\C-code\20250328\SizeOperator.c(16,9): warning C4477: 'printf' : 서식 문자열 '%d'에 'int' 형식의 인수가 필요하지만 variadic 인수 1의 형식이 'size_t'입니다.
      \\mac\Home\Documents\workspace\C-code\20250328\SizeOperator.c(16,9):
      서식 문자열에서 '%zd'을(를) 사용하는 것이 좋습니다.
  
  20250328.vcxproj -> \\Mac\Home\Documents\workspace\C-code\20250328\ARM64\Debug\20250328.exe
